2025-04-16 18:49:31.796 [main] INFO  com.kasperovich.RunServer - Starting scholarship calculation server...
2025-04-16 18:49:31.810 [main] DEBUG com.kasperovich.RunServer - Looking for configuration file at: D:\bsuir\networkdev\grant-flow\Server\src\main\resources\config.properties
2025-04-16 18:49:31.810 [main] DEBUG com.kasperovich.RunServer - Loaded properties from: D:\bsuir\networkdev\grant-flow\Server\src\main\resources\config.properties
2025-04-16 18:49:31.811 [main] INFO  com.kasperovich.RunServer - Server configured to run on port: 15000
2025-04-16 18:49:31.811 [main] INFO  com.kasperovich.RunServer - Testing database connection...
2025-04-16 18:49:31.820 [main] INFO  com.kasperovich.database.DatabaseConnectionTest - Testing database connection...
2025-04-16 18:49:31.830 [main] INFO  com.kasperovich.database.HibernateUtil - Initializing Hibernate SessionFactory
2025-04-16 18:49:31.830 [main] DEBUG com.kasperovich.database.HibernateUtil - Loading database properties from configuration file
2025-04-16 18:49:31.830 [main] DEBUG com.kasperovich.database.HibernateUtil - Looking for configuration file at: D:\bsuir\networkdev\grant-flow\Server\src\main\resources\config.properties
2025-04-16 18:49:31.830 [main] DEBUG com.kasperovich.database.HibernateUtil - Database properties loaded successfully
2025-04-16 18:49:31.881 [main] INFO  org.hibernate.Version - HHH000412: Hibernate ORM core version 6.4.1.Final
2025-04-16 18:49:32.100 [main] INFO  org.hibernate.cache.internal.RegionFactoryInitiator - HHH000026: Second-level cache disabled
2025-04-16 18:49:32.174 [main] WARN  org.hibernate.engine.jdbc.connections.internal.ConnectionProviderInitiator - HHH000472: Hikari properties were encountered, but the Hikari ConnectionProvider was not found on the classpath; these properties are going to be ignored.
2025-04-16 18:49:32.177 [main] WARN  org.hibernate.orm.connections.pooling - HHH10001002: Using built-in connection pool (not intended for production use)
2025-04-16 18:49:32.256 [main] INFO  org.hibernate.orm.connections.pooling - HHH10001005: Loaded JDBC driver class: com.microsoft.sqlserver.jdbc.SQLServerDriver
2025-04-16 18:49:32.256 [main] INFO  org.hibernate.orm.connections.pooling - HHH10001012: Connecting with JDBC URL [jdbc:sqlserver://avroprod.database.windows.net:1433;database=grant_flow;encrypt=true;trustServerCertificate=true;]
2025-04-16 18:49:32.256 [main] INFO  org.hibernate.orm.connections.pooling - HHH10001001: Connection properties: {password=****, user=sacrypt}
2025-04-16 18:49:32.256 [main] INFO  org.hibernate.orm.connections.pooling - HHH10001003: Autocommit mode: false
2025-04-16 18:49:32.257 [main] INFO  org.hibernate.orm.connections.pooling - HHH10001115: Connection pool size: 20 (min=1)
2025-04-16 18:49:34.941 [main] INFO  org.hibernate.engine.transaction.jta.platform.internal.JtaPlatformInitiator - HHH000489: No JTA platform available (set 'hibernate.transaction.jta.platform' to enable JTA platform integration)
2025-04-16 18:49:35.091 [main] INFO  org.hibernate.orm.connections.access - HHH10001501: Connection obtained from JdbcConnectionAccess [org.hibernate.engine.jdbc.env.internal.JdbcEnvironmentInitiator$ConnectionProviderJdbcConnectionAccess@7ef41ca2] for (non-JTA) DDL execution was not in auto-commit mode; the Connection 'local transaction' will be committed and the Connection will be set into auto-commit mode.
2025-04-16 18:49:40.167 [main] INFO  com.kasperovich.database.HibernateUtil - Hibernate SessionFactory initialized successfully
2025-04-16 18:49:40.664 [main] INFO  com.kasperovich.database.DatabaseConnectionTest - Database connection test successful!
2025-04-16 18:49:40.665 [main] INFO  com.kasperovich.database.DatabaseConnectionTest - Retrieving database information...
2025-04-16 18:49:40.800 [main] INFO  com.kasperovich.database.DatabaseConnectionTest - Connected to: Microsoft SQL Server 12.00.429
2025-04-16 18:49:40.802 [main] INFO  com.kasperovich.database.DatabaseConnectionTest - JDBC Driver: Microsoft JDBC Driver 12.4 for SQL Server 12.4.2.0
2025-04-16 18:49:40.802 [main] INFO  com.kasperovich.database.DatabaseConnectionTest - Database URL: jdbc:sqlserver://avroprod.database.windows.net:1433;connectRetryInterval=10;connectRetryCount=1;maxResultBuffer=-1;sendTemporalDataTypesAsStringForBulkCopy=true;delayLoadingLobs=true;useFmtOnly=false;useBulkCopyForBatchInsert=false;cancelQueryTimeout=-1;sslProtocol=TLS;jaasConfigurationName=SQLJDBCDriver;statementPoolingCacheSize=0;serverPreparedStatementDiscardThreshold=10;enablePrepareOnFirstPreparedStatementCall=false;fips=false;socketTimeout=0;authentication=NotSpecified;authenticationScheme=nativeAuthentication;xopenStates=false;datetimeParameterType=datetime2;sendTimeAsDatetime=true;replication=false;trustStoreType=JKS;trustServerCertificate=true;TransparentNetworkIPResolution=true;iPAddressPreference=IPv4First;serverNameAsACE=false;sendStringParametersAsUnicode=true;selectMethod=direct;responseBuffering=adaptive;queryTimeout=-1;packetSize=8000;multiSubnetFailover=false;loginTimeout=30;lockTimeout=-1;lastUpdateCount=true;prepareMethod=prepexec;encrypt=true;disableStatementPooling=true;databaseName=grant_flow;columnEncryptionSetting=Disabled;applicationName=Microsoft JDBC Driver for SQL Server;applicationIntent=readwrite;
2025-04-16 18:49:40.941 [main] INFO  com.kasperovich.database.DatabaseConnectionTest - Database User: sacrypt
2025-04-16 18:49:41.079 [main] INFO  com.kasperovich.database.DatabaseConnectionTest - Tables found in the database:
2025-04-16 18:49:41.079 [main] INFO  com.kasperovich.database.DatabaseConnectionTest -   - academic_periods
2025-04-16 18:49:41.079 [main] INFO  com.kasperovich.database.DatabaseConnectionTest -   - course_grades
2025-04-16 18:49:41.079 [main] INFO  com.kasperovich.database.DatabaseConnectionTest -   - courses
2025-04-16 18:49:41.079 [main] INFO  com.kasperovich.database.DatabaseConnectionTest -   - payments
2025-04-16 18:49:41.080 [main] INFO  com.kasperovich.database.DatabaseConnectionTest -   - scholarship_applications
2025-04-16 18:49:41.080 [main] INFO  com.kasperovich.database.DatabaseConnectionTest -   - scholarship_programs
2025-04-16 18:49:41.080 [main] INFO  com.kasperovich.database.DatabaseConnectionTest -   - student_profiles
2025-04-16 18:49:41.080 [main] INFO  com.kasperovich.database.DatabaseConnectionTest -   - users
2025-04-16 18:49:41.080 [main] INFO  com.kasperovich.database.DatabaseConnectionTest -   - trace_xe_action_map
2025-04-16 18:49:41.080 [main] INFO  com.kasperovich.database.DatabaseConnectionTest -   - trace_xe_event_map
2025-04-16 18:49:41.227 [main] INFO  com.kasperovich.serverinfo.ServerProcessingThread - Initializing server processing thread on port: 15000
2025-04-16 18:49:41.243 [main] INFO  com.kasperovich.serverinfo.ServerConfig - Creating server socket on port: 15000
2025-04-16 18:49:41.243 [main] INFO  com.kasperovich.serverinfo.ServerConfig - Server socket created successfully
2025-04-16 18:49:41.243 [main] INFO  com.kasperovich.RunServer - Starting server processing thread
2025-04-16 18:49:41.244 [main] INFO  com.kasperovich.RunServer - Server successfully started and listening on port: 15000
2025-04-16 18:49:41.244 [Server processing thread] INFO  com.kasperovich.serverinfo.ServerProcessingThread - Starting server on port: 15000
2025-04-16 18:49:41.244 [Server processing thread] INFO  com.kasperovich.serverinfo.ServerConfig - Server started and listening on port: 15000
2025-04-16 18:49:41.244 [Server processing thread] DEBUG com.kasperovich.serverinfo.ServerConfig - Waiting for client connections...
2025-04-16 18:49:56.769 [Server processing thread] INFO  com.kasperovich.serverinfo.ServerConfig - New client connected from: /127.0.0.1
2025-04-16 18:49:56.817 [Server processing thread] DEBUG com.kasperovich.dao.impl.UserDaoImpl - Initialized DAO for entity class: User
2025-04-16 18:49:56.845 [Server processing thread] DEBUG com.kasperovich.serverinfo.ClientProcessingThread - Created new client processing thread for client: /127.0.0.1
2025-04-16 18:49:56.845 [Server processing thread] DEBUG com.kasperovich.serverinfo.ServerConfig - Starting client processing thread: 0
2025-04-16 18:49:56.845 [Server processing thread] INFO  com.kasperovich.serverinfo.ServerConfig - Client thread 0 started successfully
2025-04-16 18:49:56.845 [Server processing thread] DEBUG com.kasperovich.serverinfo.ServerConfig - Waiting for client connections...
2025-04-16 18:49:56.846 [0] INFO  com.kasperovich.serverinfo.ClientProcessingThread - Client processing thread started for client: /127.0.0.1
2025-04-16 18:49:56.849 [0] DEBUG com.kasperovich.serverinfo.ClientProcessingThread - Received object from client /127.0.0.1: CommandWrapper{command=HEALTH_CHECK, hasData=false, hasAuthToken=false}
2025-04-16 18:49:56.849 [0] DEBUG com.kasperovich.serverinfo.ClientProcessingThread - Processing command: CommandWrapper{command=HEALTH_CHECK, hasData=false, hasAuthToken=false}
2025-04-16 18:49:56.856 [0] DEBUG com.kasperovich.serverinfo.ClientProcessingThread - Responding to health check with SUCCESS
2025-04-16 18:49:56.858 [0] DEBUG com.kasperovich.serverinfo.ClientProcessingThread - Sending object to client /127.0.0.1: ResponseWrapper{response=SUCCESS, hasData=false, hasAuthToken=false, hasMessage=false}
2025-04-16 18:50:06.588 [0] DEBUG com.kasperovich.serverinfo.ClientProcessingThread - Received object from client /127.0.0.1: CommandWrapper{command=LOGIN, hasData=true, hasAuthToken=false}
2025-04-16 18:50:06.589 [0] DEBUG com.kasperovich.serverinfo.ClientProcessingThread - Processing command: CommandWrapper{command=LOGIN, hasData=true, hasAuthToken=false}
2025-04-16 18:50:06.589 [0] INFO  com.kasperovich.service.AuthenticationService - Processing login request for username: test1
2025-04-16 18:50:06.589 [0] DEBUG com.kasperovich.dao.impl.UserDaoImpl - Finding user by username: test1
2025-04-16 18:50:10.635 [0] DEBUG com.kasperovich.dao.impl.UserDaoImpl - Updating last login time for user with ID: 3
2025-04-16 18:50:11.227 [0] DEBUG com.kasperovich.dao.impl.UserDaoImpl - Last login time updated successfully
2025-04-16 18:50:11.228 [0] INFO  com.kasperovich.service.AuthenticationService - User logged in successfully: test1
2025-04-16 18:50:11.238 [0] DEBUG com.kasperovich.security.TokenManager - Generated token for user ID 3: 0hQ6dIeR-2H1nRabITECe182BtWxrqpty7d9T71_6U4
2025-04-16 18:50:11.239 [0] INFO  com.kasperovich.serverinfo.ClientProcessingThread - User logged in successfully: test1
2025-04-16 18:50:11.239 [0] DEBUG com.kasperovich.serverinfo.ClientProcessingThread - Sending object to client /127.0.0.1: ResponseWrapper{response=LOGIN_SUCCESS, hasData=true, hasAuthToken=true, hasMessage=false}
2025-04-16 18:50:30.354 [0] DEBUG com.kasperovich.serverinfo.ClientProcessingThread - Received object from client /127.0.0.1: CommandWrapper{command=LOGIN, hasData=true, hasAuthToken=false}
2025-04-16 18:50:30.355 [0] DEBUG com.kasperovich.serverinfo.ClientProcessingThread - Processing command: CommandWrapper{command=LOGIN, hasData=true, hasAuthToken=false}
2025-04-16 18:50:30.355 [0] INFO  com.kasperovich.service.AuthenticationService - Processing login request for username: test1
2025-04-16 18:50:30.355 [0] DEBUG com.kasperovich.dao.impl.UserDaoImpl - Finding user by username: test1
2025-04-16 18:50:30.781 [0] DEBUG com.kasperovich.dao.impl.UserDaoImpl - Updating last login time for user with ID: 3
2025-04-16 18:50:31.334 [0] DEBUG com.kasperovich.dao.impl.UserDaoImpl - Last login time updated successfully
2025-04-16 18:50:31.335 [0] INFO  com.kasperovich.service.AuthenticationService - User logged in successfully: test1
2025-04-16 18:50:31.335 [0] DEBUG com.kasperovich.security.TokenManager - Generated token for user ID 3: UBGepYUPCrN9bo-Tky5lZtImbckfWyI5CUtATFI9cQE
2025-04-16 18:50:31.336 [0] INFO  com.kasperovich.serverinfo.ClientProcessingThread - User logged in successfully: test1
2025-04-16 18:50:31.336 [0] DEBUG com.kasperovich.serverinfo.ClientProcessingThread - Sending object to client /127.0.0.1: ResponseWrapper{response=LOGIN_SUCCESS, hasData=true, hasAuthToken=true, hasMessage=false}
2025-04-16 18:50:56.386 [main] INFO  com.kasperovich.RunServer - Starting scholarship calculation server...
2025-04-16 18:50:56.394 [main] DEBUG com.kasperovich.RunServer - Looking for configuration file at: D:\bsuir\networkdev\grant-flow\Server\src\main\resources\config.properties
2025-04-16 18:50:56.394 [main] DEBUG com.kasperovich.RunServer - Loaded properties from: D:\bsuir\networkdev\grant-flow\Server\src\main\resources\config.properties
2025-04-16 18:50:56.395 [main] INFO  com.kasperovich.RunServer - Server configured to run on port: 15000
2025-04-16 18:50:56.395 [main] INFO  com.kasperovich.RunServer - Testing database connection...
2025-04-16 18:50:56.396 [main] INFO  com.kasperovich.database.DatabaseConnectionTest - Testing database connection...
2025-04-16 18:50:56.396 [main] INFO  com.kasperovich.database.HibernateUtil - Initializing Hibernate SessionFactory
2025-04-16 18:50:56.396 [main] DEBUG com.kasperovich.database.HibernateUtil - Loading database properties from configuration file
2025-04-16 18:50:56.396 [main] DEBUG com.kasperovich.database.HibernateUtil - Looking for configuration file at: D:\bsuir\networkdev\grant-flow\Server\src\main\resources\config.properties
2025-04-16 18:50:56.397 [main] DEBUG com.kasperovich.database.HibernateUtil - Database properties loaded successfully
2025-04-16 18:50:56.453 [main] INFO  org.hibernate.Version - HHH000412: Hibernate ORM core version 6.4.1.Final
2025-04-16 18:50:56.635 [main] INFO  org.hibernate.cache.internal.RegionFactoryInitiator - HHH000026: Second-level cache disabled
2025-04-16 18:50:56.714 [main] WARN  org.hibernate.engine.jdbc.connections.internal.ConnectionProviderInitiator - HHH000472: Hikari properties were encountered, but the Hikari ConnectionProvider was not found on the classpath; these properties are going to be ignored.
2025-04-16 18:50:56.717 [main] WARN  org.hibernate.orm.connections.pooling - HHH10001002: Using built-in connection pool (not intended for production use)
2025-04-16 18:50:56.780 [main] INFO  org.hibernate.orm.connections.pooling - HHH10001005: Loaded JDBC driver class: com.microsoft.sqlserver.jdbc.SQLServerDriver
2025-04-16 18:50:56.780 [main] INFO  org.hibernate.orm.connections.pooling - HHH10001012: Connecting with JDBC URL [jdbc:sqlserver://avroprod.database.windows.net:1433;database=grant_flow;encrypt=true;trustServerCertificate=true;]
2025-04-16 18:50:56.780 [main] INFO  org.hibernate.orm.connections.pooling - HHH10001001: Connection properties: {password=****, user=sacrypt}
2025-04-16 18:50:56.781 [main] INFO  org.hibernate.orm.connections.pooling - HHH10001003: Autocommit mode: false
2025-04-16 18:50:56.782 [main] INFO  org.hibernate.orm.connections.pooling - HHH10001115: Connection pool size: 20 (min=1)
2025-04-16 18:50:59.331 [main] INFO  org.hibernate.engine.transaction.jta.platform.internal.JtaPlatformInitiator - HHH000489: No JTA platform available (set 'hibernate.transaction.jta.platform' to enable JTA platform integration)
2025-04-16 18:50:59.482 [main] INFO  org.hibernate.orm.connections.access - HHH10001501: Connection obtained from JdbcConnectionAccess [org.hibernate.engine.jdbc.env.internal.JdbcEnvironmentInitiator$ConnectionProviderJdbcConnectionAccess@6b3f4bd8] for (non-JTA) DDL execution was not in auto-commit mode; the Connection 'local transaction' will be committed and the Connection will be set into auto-commit mode.
2025-04-16 18:51:04.527 [main] INFO  com.kasperovich.database.HibernateUtil - Hibernate SessionFactory initialized successfully
2025-04-16 18:51:05.018 [main] INFO  com.kasperovich.database.DatabaseConnectionTest - Database connection test successful!
2025-04-16 18:51:05.018 [main] INFO  com.kasperovich.database.DatabaseConnectionTest - Retrieving database information...
2025-04-16 18:51:05.155 [main] INFO  com.kasperovich.database.DatabaseConnectionTest - Connected to: Microsoft SQL Server 12.00.429
2025-04-16 18:51:05.156 [main] INFO  com.kasperovich.database.DatabaseConnectionTest - JDBC Driver: Microsoft JDBC Driver 12.4 for SQL Server 12.4.2.0
2025-04-16 18:51:05.156 [main] INFO  com.kasperovich.database.DatabaseConnectionTest - Database URL: jdbc:sqlserver://avroprod.database.windows.net:1433;connectRetryInterval=10;connectRetryCount=1;maxResultBuffer=-1;sendTemporalDataTypesAsStringForBulkCopy=true;delayLoadingLobs=true;useFmtOnly=false;useBulkCopyForBatchInsert=false;cancelQueryTimeout=-1;sslProtocol=TLS;jaasConfigurationName=SQLJDBCDriver;statementPoolingCacheSize=0;serverPreparedStatementDiscardThreshold=10;enablePrepareOnFirstPreparedStatementCall=false;fips=false;socketTimeout=0;authentication=NotSpecified;authenticationScheme=nativeAuthentication;xopenStates=false;datetimeParameterType=datetime2;sendTimeAsDatetime=true;replication=false;trustStoreType=JKS;trustServerCertificate=true;TransparentNetworkIPResolution=true;iPAddressPreference=IPv4First;serverNameAsACE=false;sendStringParametersAsUnicode=true;selectMethod=direct;responseBuffering=adaptive;queryTimeout=-1;packetSize=8000;multiSubnetFailover=false;loginTimeout=30;lockTimeout=-1;lastUpdateCount=true;prepareMethod=prepexec;encrypt=true;disableStatementPooling=true;databaseName=grant_flow;columnEncryptionSetting=Disabled;applicationName=Microsoft JDBC Driver for SQL Server;applicationIntent=readwrite;
2025-04-16 18:51:05.293 [main] INFO  com.kasperovich.database.DatabaseConnectionTest - Database User: sacrypt
2025-04-16 18:51:05.432 [main] INFO  com.kasperovich.database.DatabaseConnectionTest - Tables found in the database:
2025-04-16 18:51:05.432 [main] INFO  com.kasperovich.database.DatabaseConnectionTest -   - academic_periods
2025-04-16 18:51:05.432 [main] INFO  com.kasperovich.database.DatabaseConnectionTest -   - course_grades
2025-04-16 18:51:05.432 [main] INFO  com.kasperovich.database.DatabaseConnectionTest -   - courses
2025-04-16 18:51:05.432 [main] INFO  com.kasperovich.database.DatabaseConnectionTest -   - payments
2025-04-16 18:51:05.432 [main] INFO  com.kasperovich.database.DatabaseConnectionTest -   - scholarship_applications
2025-04-16 18:51:05.434 [main] INFO  com.kasperovich.database.DatabaseConnectionTest -   - scholarship_programs
2025-04-16 18:51:05.434 [main] INFO  com.kasperovich.database.DatabaseConnectionTest -   - student_profiles
2025-04-16 18:51:05.434 [main] INFO  com.kasperovich.database.DatabaseConnectionTest -   - users
2025-04-16 18:51:05.434 [main] INFO  com.kasperovich.database.DatabaseConnectionTest -   - trace_xe_action_map
2025-04-16 18:51:05.434 [main] INFO  com.kasperovich.database.DatabaseConnectionTest -   - trace_xe_event_map
2025-04-16 18:51:05.571 [main] INFO  com.kasperovich.serverinfo.ServerProcessingThread - Initializing server processing thread on port: 15000
2025-04-16 18:51:05.571 [main] INFO  com.kasperovich.serverinfo.ServerConfig - Creating server socket on port: 15000
2025-04-16 18:51:05.572 [main] INFO  com.kasperovich.serverinfo.ServerConfig - Server socket created successfully
2025-04-16 18:51:05.572 [main] INFO  com.kasperovich.RunServer - Starting server processing thread
2025-04-16 18:51:05.572 [main] INFO  com.kasperovich.RunServer - Server successfully started and listening on port: 15000
2025-04-16 18:51:05.572 [Server processing thread] INFO  com.kasperovich.serverinfo.ServerProcessingThread - Starting server on port: 15000
2025-04-16 18:51:05.573 [Server processing thread] INFO  com.kasperovich.serverinfo.ServerConfig - Server started and listening on port: 15000
2025-04-16 18:51:05.573 [Server processing thread] DEBUG com.kasperovich.serverinfo.ServerConfig - Waiting for client connections...
2025-04-16 18:51:08.520 [Server processing thread] INFO  com.kasperovich.serverinfo.ServerConfig - New client connected from: /127.0.0.1
2025-04-16 18:51:08.524 [Server processing thread] DEBUG com.kasperovich.dao.impl.UserDaoImpl - Initialized DAO for entity class: User
2025-04-16 18:51:08.525 [Server processing thread] DEBUG com.kasperovich.serverinfo.ClientProcessingThread - Created new client processing thread for client: /127.0.0.1
2025-04-16 18:51:08.525 [Server processing thread] DEBUG com.kasperovich.serverinfo.ServerConfig - Starting client processing thread: 0
2025-04-16 18:51:08.525 [Server processing thread] INFO  com.kasperovich.serverinfo.ServerConfig - Client thread 0 started successfully
2025-04-16 18:51:08.525 [Server processing thread] DEBUG com.kasperovich.serverinfo.ServerConfig - Waiting for client connections...
2025-04-16 18:51:08.525 [0] INFO  com.kasperovich.serverinfo.ClientProcessingThread - Client processing thread started for client: /127.0.0.1
2025-04-16 18:51:08.529 [0] DEBUG com.kasperovich.serverinfo.ClientProcessingThread - Received object from client /127.0.0.1: CommandWrapper{command=HEALTH_CHECK, hasData=false, hasAuthToken=false}
2025-04-16 18:51:08.529 [0] DEBUG com.kasperovich.serverinfo.ClientProcessingThread - Processing command: CommandWrapper{command=HEALTH_CHECK, hasData=false, hasAuthToken=false}
2025-04-16 18:51:08.530 [0] DEBUG com.kasperovich.serverinfo.ClientProcessingThread - Responding to health check with SUCCESS
2025-04-16 18:51:08.532 [0] DEBUG com.kasperovich.serverinfo.ClientProcessingThread - Sending object to client /127.0.0.1: ResponseWrapper{response=SUCCESS, hasData=false, hasAuthToken=false, hasMessage=false}
2025-04-16 18:51:19.068 [0] DEBUG com.kasperovich.serverinfo.ClientProcessingThread - Received object from client /127.0.0.1: CommandWrapper{command=LOGIN, hasData=true, hasAuthToken=false}
2025-04-16 18:51:19.068 [0] DEBUG com.kasperovich.serverinfo.ClientProcessingThread - Processing command: CommandWrapper{command=LOGIN, hasData=true, hasAuthToken=false}
2025-04-16 18:51:19.069 [0] INFO  com.kasperovich.service.AuthenticationService - Processing login request for username: test1
2025-04-16 18:51:19.069 [0] DEBUG com.kasperovich.dao.impl.UserDaoImpl - Finding user by username: test1
2025-04-16 18:51:19.771 [0] DEBUG com.kasperovich.dao.impl.UserDaoImpl - Updating last login time for user with ID: 3
2025-04-16 18:51:20.371 [0] DEBUG com.kasperovich.dao.impl.UserDaoImpl - Last login time updated successfully
2025-04-16 18:51:20.371 [0] INFO  com.kasperovich.service.AuthenticationService - User logged in successfully: test1
2025-04-16 18:51:20.372 [0] DEBUG com.kasperovich.security.TokenManager - Generated token for user ID 3: ylY0ieJWYh5F98IazcbLfophN3v-HPGDcUxm9EYbzss
2025-04-16 18:51:20.372 [0] INFO  com.kasperovich.serverinfo.ClientProcessingThread - User logged in successfully: test1
2025-04-16 18:51:20.372 [0] DEBUG com.kasperovich.serverinfo.ClientProcessingThread - Sending object to client /127.0.0.1: ResponseWrapper{response=LOGIN_SUCCESS, hasData=true, hasAuthToken=true, hasMessage=false}
2025-04-16 18:51:26.162 [0] DEBUG com.kasperovich.serverinfo.ClientProcessingThread - Received object from client /127.0.0.1: CommandWrapper{command=GET_SCHOLARSHIP_PROGRAMS, hasData=false, hasAuthToken=true}
2025-04-16 18:51:26.162 [0] DEBUG com.kasperovich.serverinfo.ClientProcessingThread - Processing command: CommandWrapper{command=GET_SCHOLARSHIP_PROGRAMS, hasData=false, hasAuthToken=true}
2025-04-16 18:51:26.162 [0] DEBUG com.kasperovich.security.TokenManager - Token validated for user ID 3: ylY0ieJWYh5F98IazcbLfophN3v-HPGDcUxm9EYbzss
2025-04-16 18:51:26.163 [0] DEBUG com.kasperovich.serverinfo.ClientProcessingThread - Handling GET_SCHOLARSHIP_PROGRAMS command
2025-04-16 18:51:26.163 [0] DEBUG com.kasperovich.service.ScholarshipService - Getting all scholarship programs
2025-04-16 18:51:26.584 [0] DEBUG com.kasperovich.dao.impl.ScholarshipProgramDaoImpl - Found 5 scholarship programs
2025-04-16 18:51:26.585 [0] WARN  com.kasperovich.utils.DTOConverter - Error accessing creator information for program: 1
org.hibernate.LazyInitializationException: could not initialize proxy [com.kasperovich.entities.User#1] - no Session
	at org.hibernate.proxy.AbstractLazyInitializer.initialize(AbstractLazyInitializer.java:165) ~[hibernate-core-6.4.1.Final.jar:6.4.1.Final]
	at org.hibernate.proxy.AbstractLazyInitializer.getImplementation(AbstractLazyInitializer.java:314) ~[hibernate-core-6.4.1.Final.jar:6.4.1.Final]
	at org.hibernate.proxy.pojo.bytebuddy.ByteBuddyInterceptor.intercept(ByteBuddyInterceptor.java:44) ~[hibernate-core-6.4.1.Final.jar:6.4.1.Final]
	at org.hibernate.proxy.ProxyConfiguration$InterceptorDispatcher.intercept(ProxyConfiguration.java:102) ~[hibernate-core-6.4.1.Final.jar:6.4.1.Final]
	at com.kasperovich.entities.User$HibernateProxy$bU3MAkzG.getUsername(Unknown Source) ~[classes/:?]
	at com.kasperovich.utils.DTOConverter.convertToDTO(DTOConverter.java:75) ~[classes/:?]
	at java.base/java.util.stream.ReferencePipeline$3$1.accept(ReferencePipeline.java:212) [?:?]
	at java.base/java.util.ArrayList$ArrayListSpliterator.forEachRemaining(ArrayList.java:1709) [?:?]
	at java.base/java.util.stream.AbstractPipeline.copyInto(AbstractPipeline.java:556) [?:?]
	at java.base/java.util.stream.AbstractPipeline.wrapAndCopyInto(AbstractPipeline.java:546) [?:?]
	at java.base/java.util.stream.ReduceOps$ReduceOp.evaluateSequential(ReduceOps.java:921) [?:?]
	at java.base/java.util.stream.AbstractPipeline.evaluate(AbstractPipeline.java:265) [?:?]
	at java.base/java.util.stream.ReferencePipeline.collect(ReferencePipeline.java:702) [?:?]
	at com.kasperovich.service.ScholarshipService.convertToDTOs(ScholarshipService.java:79) [classes/:?]
	at com.kasperovich.service.ScholarshipService.getAllScholarshipPrograms(ScholarshipService.java:40) [classes/:?]
	at com.kasperovich.serverinfo.ClientProcessingThread.handleGetScholarshipPrograms(ClientProcessingThread.java:295) [classes/:?]
	at com.kasperovich.serverinfo.ClientProcessingThread.startClient(ClientProcessingThread.java:161) [classes/:?]
	at com.kasperovich.serverinfo.ClientProcessingThread.run(ClientProcessingThread.java:88) [classes/:?]
2025-04-16 18:51:26.590 [0] WARN  com.kasperovich.utils.DTOConverter - Error accessing creator information for program: 5
org.hibernate.LazyInitializationException: could not initialize proxy [com.kasperovich.entities.User#1] - no Session
	at org.hibernate.proxy.AbstractLazyInitializer.initialize(AbstractLazyInitializer.java:165) ~[hibernate-core-6.4.1.Final.jar:6.4.1.Final]
	at org.hibernate.proxy.AbstractLazyInitializer.getImplementation(AbstractLazyInitializer.java:314) ~[hibernate-core-6.4.1.Final.jar:6.4.1.Final]
	at org.hibernate.proxy.pojo.bytebuddy.ByteBuddyInterceptor.intercept(ByteBuddyInterceptor.java:44) ~[hibernate-core-6.4.1.Final.jar:6.4.1.Final]
	at org.hibernate.proxy.ProxyConfiguration$InterceptorDispatcher.intercept(ProxyConfiguration.java:102) ~[hibernate-core-6.4.1.Final.jar:6.4.1.Final]
	at com.kasperovich.entities.User$HibernateProxy$bU3MAkzG.getUsername(Unknown Source) ~[classes/:?]
	at com.kasperovich.utils.DTOConverter.convertToDTO(DTOConverter.java:75) ~[classes/:?]
	at java.base/java.util.stream.ReferencePipeline$3$1.accept(ReferencePipeline.java:212) [?:?]
	at java.base/java.util.ArrayList$ArrayListSpliterator.forEachRemaining(ArrayList.java:1709) [?:?]
	at java.base/java.util.stream.AbstractPipeline.copyInto(AbstractPipeline.java:556) [?:?]
	at java.base/java.util.stream.AbstractPipeline.wrapAndCopyInto(AbstractPipeline.java:546) [?:?]
	at java.base/java.util.stream.ReduceOps$ReduceOp.evaluateSequential(ReduceOps.java:921) [?:?]
	at java.base/java.util.stream.AbstractPipeline.evaluate(AbstractPipeline.java:265) [?:?]
	at java.base/java.util.stream.ReferencePipeline.collect(ReferencePipeline.java:702) [?:?]
	at com.kasperovich.service.ScholarshipService.convertToDTOs(ScholarshipService.java:79) [classes/:?]
	at com.kasperovich.service.ScholarshipService.getAllScholarshipPrograms(ScholarshipService.java:40) [classes/:?]
	at com.kasperovich.serverinfo.ClientProcessingThread.handleGetScholarshipPrograms(ClientProcessingThread.java:295) [classes/:?]
	at com.kasperovich.serverinfo.ClientProcessingThread.startClient(ClientProcessingThread.java:161) [classes/:?]
	at com.kasperovich.serverinfo.ClientProcessingThread.run(ClientProcessingThread.java:88) [classes/:?]
2025-04-16 18:51:26.591 [0] WARN  com.kasperovich.utils.DTOConverter - Error accessing creator information for program: 6
org.hibernate.LazyInitializationException: could not initialize proxy [com.kasperovich.entities.User#1] - no Session
	at org.hibernate.proxy.AbstractLazyInitializer.initialize(AbstractLazyInitializer.java:165) ~[hibernate-core-6.4.1.Final.jar:6.4.1.Final]
	at org.hibernate.proxy.AbstractLazyInitializer.getImplementation(AbstractLazyInitializer.java:314) ~[hibernate-core-6.4.1.Final.jar:6.4.1.Final]
	at org.hibernate.proxy.pojo.bytebuddy.ByteBuddyInterceptor.intercept(ByteBuddyInterceptor.java:44) ~[hibernate-core-6.4.1.Final.jar:6.4.1.Final]
	at org.hibernate.proxy.ProxyConfiguration$InterceptorDispatcher.intercept(ProxyConfiguration.java:102) ~[hibernate-core-6.4.1.Final.jar:6.4.1.Final]
	at com.kasperovich.entities.User$HibernateProxy$bU3MAkzG.getUsername(Unknown Source) ~[classes/:?]
	at com.kasperovich.utils.DTOConverter.convertToDTO(DTOConverter.java:75) ~[classes/:?]
	at java.base/java.util.stream.ReferencePipeline$3$1.accept(ReferencePipeline.java:212) [?:?]
	at java.base/java.util.ArrayList$ArrayListSpliterator.forEachRemaining(ArrayList.java:1709) [?:?]
	at java.base/java.util.stream.AbstractPipeline.copyInto(AbstractPipeline.java:556) [?:?]
	at java.base/java.util.stream.AbstractPipeline.wrapAndCopyInto(AbstractPipeline.java:546) [?:?]
	at java.base/java.util.stream.ReduceOps$ReduceOp.evaluateSequential(ReduceOps.java:921) [?:?]
	at java.base/java.util.stream.AbstractPipeline.evaluate(AbstractPipeline.java:265) [?:?]
	at java.base/java.util.stream.ReferencePipeline.collect(ReferencePipeline.java:702) [?:?]
	at com.kasperovich.service.ScholarshipService.convertToDTOs(ScholarshipService.java:79) [classes/:?]
	at com.kasperovich.service.ScholarshipService.getAllScholarshipPrograms(ScholarshipService.java:40) [classes/:?]
	at com.kasperovich.serverinfo.ClientProcessingThread.handleGetScholarshipPrograms(ClientProcessingThread.java:295) [classes/:?]
	at com.kasperovich.serverinfo.ClientProcessingThread.startClient(ClientProcessingThread.java:161) [classes/:?]
	at com.kasperovich.serverinfo.ClientProcessingThread.run(ClientProcessingThread.java:88) [classes/:?]
2025-04-16 18:51:26.591 [0] WARN  com.kasperovich.utils.DTOConverter - Error accessing creator information for program: 7
org.hibernate.LazyInitializationException: could not initialize proxy [com.kasperovich.entities.User#7] - no Session
	at org.hibernate.proxy.AbstractLazyInitializer.initialize(AbstractLazyInitializer.java:165) ~[hibernate-core-6.4.1.Final.jar:6.4.1.Final]
	at org.hibernate.proxy.AbstractLazyInitializer.getImplementation(AbstractLazyInitializer.java:314) ~[hibernate-core-6.4.1.Final.jar:6.4.1.Final]
	at org.hibernate.proxy.pojo.bytebuddy.ByteBuddyInterceptor.intercept(ByteBuddyInterceptor.java:44) ~[hibernate-core-6.4.1.Final.jar:6.4.1.Final]
	at org.hibernate.proxy.ProxyConfiguration$InterceptorDispatcher.intercept(ProxyConfiguration.java:102) ~[hibernate-core-6.4.1.Final.jar:6.4.1.Final]
	at com.kasperovich.entities.User$HibernateProxy$bU3MAkzG.getUsername(Unknown Source) ~[classes/:?]
	at com.kasperovich.utils.DTOConverter.convertToDTO(DTOConverter.java:75) ~[classes/:?]
	at java.base/java.util.stream.ReferencePipeline$3$1.accept(ReferencePipeline.java:212) [?:?]
	at java.base/java.util.ArrayList$ArrayListSpliterator.forEachRemaining(ArrayList.java:1709) [?:?]
	at java.base/java.util.stream.AbstractPipeline.copyInto(AbstractPipeline.java:556) [?:?]
	at java.base/java.util.stream.AbstractPipeline.wrapAndCopyInto(AbstractPipeline.java:546) [?:?]
	at java.base/java.util.stream.ReduceOps$ReduceOp.evaluateSequential(ReduceOps.java:921) [?:?]
	at java.base/java.util.stream.AbstractPipeline.evaluate(AbstractPipeline.java:265) [?:?]
	at java.base/java.util.stream.ReferencePipeline.collect(ReferencePipeline.java:702) [?:?]
	at com.kasperovich.service.ScholarshipService.convertToDTOs(ScholarshipService.java:79) [classes/:?]
	at com.kasperovich.service.ScholarshipService.getAllScholarshipPrograms(ScholarshipService.java:40) [classes/:?]
	at com.kasperovich.serverinfo.ClientProcessingThread.handleGetScholarshipPrograms(ClientProcessingThread.java:295) [classes/:?]
	at com.kasperovich.serverinfo.ClientProcessingThread.startClient(ClientProcessingThread.java:161) [classes/:?]
	at com.kasperovich.serverinfo.ClientProcessingThread.run(ClientProcessingThread.java:88) [classes/:?]
2025-04-16 18:51:26.591 [0] WARN  com.kasperovich.utils.DTOConverter - Error accessing creator information for program: 8
org.hibernate.LazyInitializationException: could not initialize proxy [com.kasperovich.entities.User#7] - no Session
	at org.hibernate.proxy.AbstractLazyInitializer.initialize(AbstractLazyInitializer.java:165) ~[hibernate-core-6.4.1.Final.jar:6.4.1.Final]
	at org.hibernate.proxy.AbstractLazyInitializer.getImplementation(AbstractLazyInitializer.java:314) ~[hibernate-core-6.4.1.Final.jar:6.4.1.Final]
	at org.hibernate.proxy.pojo.bytebuddy.ByteBuddyInterceptor.intercept(ByteBuddyInterceptor.java:44) ~[hibernate-core-6.4.1.Final.jar:6.4.1.Final]
	at org.hibernate.proxy.ProxyConfiguration$InterceptorDispatcher.intercept(ProxyConfiguration.java:102) ~[hibernate-core-6.4.1.Final.jar:6.4.1.Final]
	at com.kasperovich.entities.User$HibernateProxy$bU3MAkzG.getUsername(Unknown Source) ~[classes/:?]
	at com.kasperovich.utils.DTOConverter.convertToDTO(DTOConverter.java:75) ~[classes/:?]
	at java.base/java.util.stream.ReferencePipeline$3$1.accept(ReferencePipeline.java:212) [?:?]
	at java.base/java.util.ArrayList$ArrayListSpliterator.forEachRemaining(ArrayList.java:1709) [?:?]
	at java.base/java.util.stream.AbstractPipeline.copyInto(AbstractPipeline.java:556) [?:?]
	at java.base/java.util.stream.AbstractPipeline.wrapAndCopyInto(AbstractPipeline.java:546) [?:?]
	at java.base/java.util.stream.ReduceOps$ReduceOp.evaluateSequential(ReduceOps.java:921) [?:?]
	at java.base/java.util.stream.AbstractPipeline.evaluate(AbstractPipeline.java:265) [?:?]
	at java.base/java.util.stream.ReferencePipeline.collect(ReferencePipeline.java:702) [?:?]
	at com.kasperovich.service.ScholarshipService.convertToDTOs(ScholarshipService.java:79) [classes/:?]
	at com.kasperovich.service.ScholarshipService.getAllScholarshipPrograms(ScholarshipService.java:40) [classes/:?]
	at com.kasperovich.serverinfo.ClientProcessingThread.handleGetScholarshipPrograms(ClientProcessingThread.java:295) [classes/:?]
	at com.kasperovich.serverinfo.ClientProcessingThread.startClient(ClientProcessingThread.java:161) [classes/:?]
	at com.kasperovich.serverinfo.ClientProcessingThread.run(ClientProcessingThread.java:88) [classes/:?]
2025-04-16 18:51:26.592 [0] INFO  com.kasperovich.serverinfo.ClientProcessingThread - Returning 5 scholarship programs
2025-04-16 18:51:26.592 [0] DEBUG com.kasperovich.serverinfo.ClientProcessingThread - Sending object to client /127.0.0.1: ResponseWrapper{response=SCHOLARSHIP_PROGRAMS_FOUND, hasData=true, hasAuthToken=false, hasMessage=false}
