2025-04-16 18:49:56.722 [main] INFO  com.kasperovich.RunClient - Launching client application
2025-04-16 18:49:56.746 [JavaFX Application Thread] INFO  com.kasperovich.RunClient - Starting scholarship calculation client application...
2025-04-16 18:49:56.754 [JavaFX Application Thread] DEBUG com.kasperovich.RunClient - Loaded properties from: D:/bsuir/networkdev/grant-flow/Client/src/main/resources/config.properties
2025-04-16 18:49:56.754 [JavaFX Application Thread] INFO  com.kasperovich.RunClient - Connecting to server at 127.0.0.1:15000
2025-04-16 18:49:56.764 [JavaFX Application Thread] DEBUG com.kasperovich.clientconnection.ClientConnection - ClientConnection initialized with server 127.0.0.1:15000
2025-04-16 18:49:56.764 [JavaFX Application Thread] DEBUG com.kasperovich.clientconnection.ClientConnection - Attempting to connect to server at 127.0.0.1:15000
2025-04-16 18:49:56.769 [JavaFX Application Thread] DEBUG com.kasperovich.clientconnection.ClientConnection - Socket connected, initializing object streams
2025-04-16 18:49:56.786 [JavaFX Application Thread] DEBUG com.kasperovich.clientconnection.ClientConnection - Object streams initialized successfully
2025-04-16 18:49:56.786 [JavaFX Application Thread] INFO  com.kasperovich.RunClient - Successfully connected to server
2025-04-16 18:49:56.786 [JavaFX Application Thread] DEBUG com.kasperovich.RunClient - Performing server health check
2025-04-16 18:49:56.786 [JavaFX Application Thread] DEBUG com.kasperovich.clientconnection.ClientConnection - Performing server health check
2025-04-16 18:49:56.861 [JavaFX Application Thread] DEBUG com.kasperovich.clientconnection.ClientConnection - Health check successful: SUCCESS
2025-04-16 18:49:56.861 [JavaFX Application Thread] INFO  com.kasperovich.RunClient - Server health check passed
2025-04-16 18:49:56.861 [JavaFX Application Thread] DEBUG com.kasperovich.RunClient - Loading main screen FXML
2025-04-16 18:49:57.293 [JavaFX Application Thread] DEBUG com.kasperovich.RunClient - Main screen controller initialized with client connection
2025-04-16 18:49:57.502 [JavaFX Application Thread] INFO  com.kasperovich.RunClient - Client application UI initialized and displayed
2025-04-16 18:49:59.615 [JavaFX Application Thread] INFO  com.kasperovich.ui.MainScreenController - Navigated to login screen
2025-04-16 18:50:06.585 [Thread-3] DEBUG com.kasperovich.clientconnection.ClientConnection - Attempting to login user: test1
2025-04-16 18:50:09.588 [Thread-3] ERROR com.kasperovich.clientconnection.ClientConnection - Timeout waiting for server response after 3000 ms
java.net.SocketTimeoutException: Read timed out
	at java.base/sun.nio.ch.NioSocketImpl.timedRead(NioSocketImpl.java:278) ~[?:?]
	at java.base/sun.nio.ch.NioSocketImpl.implRead(NioSocketImpl.java:304) ~[?:?]
	at java.base/sun.nio.ch.NioSocketImpl.read(NioSocketImpl.java:346) ~[?:?]
	at java.base/sun.nio.ch.NioSocketImpl$1.read(NioSocketImpl.java:796) ~[?:?]
	at java.base/java.net.Socket$SocketInputStream.implRead(Socket.java:1108) ~[?:?]
	at java.base/java.net.Socket$SocketInputStream.read(Socket.java:1095) ~[?:?]
	at java.base/java.net.Socket$SocketInputStream.read(Socket.java:1089) ~[?:?]
	at java.base/java.io.ObjectInputStream$PeekInputStream.peek(ObjectInputStream.java:2878) ~[?:?]
	at java.base/java.io.ObjectInputStream$BlockDataInputStream.peek(ObjectInputStream.java:3205) ~[?:?]
	at java.base/java.io.ObjectInputStream$BlockDataInputStream.peekByte(ObjectInputStream.java:3215) ~[?:?]
	at java.base/java.io.ObjectInputStream.readObject0(ObjectInputStream.java:1698) ~[?:?]
	at java.base/java.io.ObjectInputStream.readObject(ObjectInputStream.java:525) ~[?:?]
	at java.base/java.io.ObjectInputStream.readObject(ObjectInputStream.java:483) ~[?:?]
	at com.kasperovich.clientconnection.ClientConnection.receiveObject(ClientConnection.java:101) ~[classes/:?]
	at com.kasperovich.clientconnection.ClientConnection.login(ClientConnection.java:159) ~[classes/:?]
	at com.kasperovich.ui.LoginScreenController.lambda$handleLoginAction$3(LoginScreenController.java:89) ~[classes/:?]
	at java.base/java.lang.Thread.run(Thread.java:1570) [?:?]
2025-04-16 18:50:09.597 [Thread-3] ERROR com.kasperovich.clientconnection.ClientConnection - Login failed with exception
java.net.SocketTimeoutException: Read timed out
	at java.base/sun.nio.ch.NioSocketImpl.timedRead(NioSocketImpl.java:278) ~[?:?]
	at java.base/sun.nio.ch.NioSocketImpl.implRead(NioSocketImpl.java:304) ~[?:?]
	at java.base/sun.nio.ch.NioSocketImpl.read(NioSocketImpl.java:346) ~[?:?]
	at java.base/sun.nio.ch.NioSocketImpl$1.read(NioSocketImpl.java:796) ~[?:?]
	at java.base/java.net.Socket$SocketInputStream.implRead(Socket.java:1108) ~[?:?]
	at java.base/java.net.Socket$SocketInputStream.read(Socket.java:1095) ~[?:?]
	at java.base/java.net.Socket$SocketInputStream.read(Socket.java:1089) ~[?:?]
	at java.base/java.io.ObjectInputStream$PeekInputStream.peek(ObjectInputStream.java:2878) ~[?:?]
	at java.base/java.io.ObjectInputStream$BlockDataInputStream.peek(ObjectInputStream.java:3205) ~[?:?]
	at java.base/java.io.ObjectInputStream$BlockDataInputStream.peekByte(ObjectInputStream.java:3215) ~[?:?]
	at java.base/java.io.ObjectInputStream.readObject0(ObjectInputStream.java:1698) ~[?:?]
	at java.base/java.io.ObjectInputStream.readObject(ObjectInputStream.java:525) ~[?:?]
	at java.base/java.io.ObjectInputStream.readObject(ObjectInputStream.java:483) ~[?:?]
	at com.kasperovich.clientconnection.ClientConnection.receiveObject(ClientConnection.java:101) ~[classes/:?]
	at com.kasperovich.clientconnection.ClientConnection.login(ClientConnection.java:159) ~[classes/:?]
	at com.kasperovich.ui.LoginScreenController.lambda$handleLoginAction$3(LoginScreenController.java:89) ~[classes/:?]
	at java.base/java.lang.Thread.run(Thread.java:1570) [?:?]
2025-04-16 18:50:09.598 [Thread-3] ERROR com.kasperovich.ui.LoginScreenController - Error during login
java.net.SocketTimeoutException: Read timed out
	at java.base/sun.nio.ch.NioSocketImpl.timedRead(NioSocketImpl.java:278) ~[?:?]
	at java.base/sun.nio.ch.NioSocketImpl.implRead(NioSocketImpl.java:304) ~[?:?]
	at java.base/sun.nio.ch.NioSocketImpl.read(NioSocketImpl.java:346) ~[?:?]
	at java.base/sun.nio.ch.NioSocketImpl$1.read(NioSocketImpl.java:796) ~[?:?]
	at java.base/java.net.Socket$SocketInputStream.implRead(Socket.java:1108) ~[?:?]
	at java.base/java.net.Socket$SocketInputStream.read(Socket.java:1095) ~[?:?]
	at java.base/java.net.Socket$SocketInputStream.read(Socket.java:1089) ~[?:?]
	at java.base/java.io.ObjectInputStream$PeekInputStream.peek(ObjectInputStream.java:2878) ~[?:?]
	at java.base/java.io.ObjectInputStream$BlockDataInputStream.peek(ObjectInputStream.java:3205) ~[?:?]
	at java.base/java.io.ObjectInputStream$BlockDataInputStream.peekByte(ObjectInputStream.java:3215) ~[?:?]
	at java.base/java.io.ObjectInputStream.readObject0(ObjectInputStream.java:1698) ~[?:?]
	at java.base/java.io.ObjectInputStream.readObject(ObjectInputStream.java:525) ~[?:?]
	at java.base/java.io.ObjectInputStream.readObject(ObjectInputStream.java:483) ~[?:?]
	at com.kasperovich.clientconnection.ClientConnection.receiveObject(ClientConnection.java:101) ~[classes/:?]
	at com.kasperovich.clientconnection.ClientConnection.login(ClientConnection.java:159) ~[classes/:?]
	at com.kasperovich.ui.LoginScreenController.lambda$handleLoginAction$3(LoginScreenController.java:89) ~[classes/:?]
	at java.base/java.lang.Thread.run(Thread.java:1570) [?:?]
2025-04-16 18:50:30.354 [Thread-4] DEBUG com.kasperovich.clientconnection.ClientConnection - Attempting to login user: test1
2025-04-16 18:50:30.356 [Thread-4] INFO  com.kasperovich.clientconnection.ClientConnection - Login successful for user: test1
2025-04-16 18:50:30.357 [JavaFX Application Thread] INFO  com.kasperovich.ui.LoginScreenController - User logged in successfully: test1
2025-04-16 18:51:08.483 [main] INFO  com.kasperovich.RunClient - Launching client application
2025-04-16 18:51:08.497 [JavaFX Application Thread] INFO  com.kasperovich.RunClient - Starting scholarship calculation client application...
2025-04-16 18:51:08.504 [JavaFX Application Thread] DEBUG com.kasperovich.RunClient - Loaded properties from: D:/bsuir/networkdev/grant-flow/Client/src/main/resources/config.properties
2025-04-16 18:51:08.504 [JavaFX Application Thread] INFO  com.kasperovich.RunClient - Connecting to server at 127.0.0.1:15000
2025-04-16 18:51:08.515 [JavaFX Application Thread] DEBUG com.kasperovich.clientconnection.ClientConnection - ClientConnection initialized with server 127.0.0.1:15000
2025-04-16 18:51:08.515 [JavaFX Application Thread] DEBUG com.kasperovich.clientconnection.ClientConnection - Attempting to connect to server at 127.0.0.1:15000
2025-04-16 18:51:08.520 [JavaFX Application Thread] DEBUG com.kasperovich.clientconnection.ClientConnection - Socket connected, initializing object streams
2025-04-16 18:51:08.524 [JavaFX Application Thread] DEBUG com.kasperovich.clientconnection.ClientConnection - Object streams initialized successfully
2025-04-16 18:51:08.524 [JavaFX Application Thread] INFO  com.kasperovich.RunClient - Successfully connected to server
2025-04-16 18:51:08.524 [JavaFX Application Thread] DEBUG com.kasperovich.RunClient - Performing server health check
2025-04-16 18:51:08.524 [JavaFX Application Thread] DEBUG com.kasperovich.clientconnection.ClientConnection - Performing server health check
2025-04-16 18:51:08.534 [JavaFX Application Thread] DEBUG com.kasperovich.clientconnection.ClientConnection - Health check successful: SUCCESS
2025-04-16 18:51:08.535 [JavaFX Application Thread] INFO  com.kasperovich.RunClient - Server health check passed
2025-04-16 18:51:08.535 [JavaFX Application Thread] DEBUG com.kasperovich.RunClient - Loading main screen FXML
2025-04-16 18:51:08.875 [JavaFX Application Thread] DEBUG com.kasperovich.RunClient - Main screen controller initialized with client connection
2025-04-16 18:51:09.024 [JavaFX Application Thread] INFO  com.kasperovich.RunClient - Client application UI initialized and displayed
2025-04-16 18:51:10.927 [JavaFX Application Thread] INFO  com.kasperovich.ui.MainScreenController - Navigated to login screen
2025-04-16 18:51:19.066 [Thread-3] DEBUG com.kasperovich.clientconnection.ClientConnection - Attempting to login user: test1
2025-04-16 18:51:20.375 [Thread-3] INFO  com.kasperovich.clientconnection.ClientConnection - Login successful for user: test1
2025-04-16 18:51:20.375 [JavaFX Application Thread] INFO  com.kasperovich.ui.LoginScreenController - User logged in successfully: test1
2025-04-16 18:51:23.865 [JavaFX Application Thread] DEBUG com.kasperovich.ui.DashboardScreenController - Check status action requested but functionality is disabled
2025-04-16 18:51:25.491 [JavaFX Application Thread] DEBUG com.kasperovich.ui.DashboardScreenController - Update profile action requested but functionality is not implemented
2025-04-16 18:51:26.161 [JavaFX Application Thread] DEBUG com.kasperovich.clientconnection.ClientConnection - Getting scholarship programs from server
2025-04-16 18:51:26.602 [JavaFX Application Thread] INFO  com.kasperovich.clientconnection.ClientConnection - Received 5 scholarship programs from server
2025-04-16 18:51:26.603 [JavaFX Application Thread] INFO  com.kasperovich.ui.ScholarshipProgramsController - Loaded 5 scholarship programs (filtered from 5 total)
2025-04-16 18:51:26.735 [JavaFX Application Thread] DEBUG com.kasperovich.ui.DashboardScreenController - Navigated to scholarship programs screen from Apply button
